[07.09.24 22:51:02] ERROR:C:\Users\party\Downloads\SAFE\L2GP READY\game\data\scripts\handlers\loader\GlobalLoader.java
java.lang.NullPointerException
	at ai.grandboss.QueenAnt.onKill(QueenAnt.java:348)
	at l2r.gameserver.model.quest.Quest.notifyKill(Quest.java:596)
	at l2r.gameserver.model.quest.Quest.lambda$addKillId$14(Quest.java:1947)
	at l2r.gameserver.model.events.listeners.ConsumerEventListener.executeEvent(ConsumerEventListener.java:46)
	at l2r.gameserver.model.events.EventDispatcher.notifyToListeners(EventDispatcher.java:243)
	at l2r.gameserver.model.events.EventDispatcher.notifyEventImpl(EventDispatcher.java:217)
	at l2r.gameserver.model.events.EventDispatcher.notifyEvent(EventDispatcher.java:86)
	at l2r.gameserver.model.events.EventDispatcher.lambda$notifyEventAsyncDelayed$1(EventDispatcher.java:136)
	at l2r.gameserver.ThreadPoolManager$RunnableWrapper.run(ThreadPoolManager.java:89)
	at java.util.concurrent.Executors$RunnableAdapter.call(Unknown Source)
	at java.util.concurrent.FutureTask.run(Unknown Source)
	at java.util.concurrent.ScheduledThreadPoolExecutor$ScheduledFutureTask.access$201(Unknown Source)
	at java.util.concurrent.ScheduledThreadPoolExecutor$ScheduledFutureTask.run(Unknown Source)
	at java.util.concurrent.ThreadPoolExecutor.runWorker(Unknown Source)
	at java.util.concurrent.ThreadPoolExecutor$Worker.run(Unknown Source)
	at java.lang.Thread.run(Unknown Source)
[07.09.24 22:51:02] ERROR:QueenAnt: java.lang.NullPointerException
	at ai.grandboss.QueenAnt.onKill(QueenAnt.java:348)
	at l2r.gameserver.model.quest.Quest.notifyKill(Quest.java:596)
	at l2r.gameserver.model.quest.Quest.lambda$addKillId$14(Quest.java:1947)
	at l2r.gameserver.model.events.listeners.ConsumerEventListener.executeEvent(ConsumerEventListener.java:46)
	at l2r.gameserver.model.events.EventDispatcher.notifyToListeners(EventDispatcher.java:243)
	at l2r.gameserver.model.events.EventDispatcher.notifyEventImpl(EventDispatcher.java:217)
	at l2r.gameserver.model.events.EventDispatcher.notifyEvent(EventDispatcher.java:86)
	at l2r.gameserver.model.events.EventDispatcher.lambda$notifyEventAsyncDelayed$1(EventDispatcher.java:136)
	at l2r.gameserver.ThreadPoolManager$RunnableWrapper.run(ThreadPoolManager.java:89)
	at java.util.concurrent.Executors$RunnableAdapter.call(Unknown Source)
	at java.util.concurrent.FutureTask.run(Unknown Source)
	at java.util.concurrent.ScheduledThreadPoolExecutor$ScheduledFutureTask.access$201(Unknown Source)
	at java.util.concurrent.ScheduledThreadPoolExecutor$ScheduledFutureTask.run(Unknown Source)
	at java.util.concurrent.ThreadPoolExecutor.runWorker(Unknown Source)
	at java.util.concurrent.ThreadPoolExecutor$Worker.run(Unknown Source)
	at java.lang.Thread.run(Unknown Source)

[20.09.24 01:36:26] ERROR:BitSetIDFactory: Could not be initialized properly: Table 'l2srgs.characters' doesn't exist
[20.09.24 01:36:26] ERROR:GameServer: Could not read object IDs from DB. Please Check Your Data.
[20.09.24 22:45:30] ERROR:java.lang.NullPointerException
[20.09.24 22:46:10] ERROR:java.lang.NullPointerException
[20.09.24 22:46:18] ERROR:java.lang.NullPointerException
[20.09.24 22:46:34] ERROR:java.lang.NullPointerException
[29.09.24 18:41:44] ERROR:Olympiad System: Failed to save olympiad data to database: 
com.mysql.jdbc.exceptions.jdbc4.CommunicationsException: Communications link failure

The last packet sent successfully to the server was 0 milliseconds ago. The driver has not received any packets from the server.
	at sun.reflect.NativeConstructorAccessorImpl.newInstance0(Native Method)
	at sun.reflect.NativeConstructorAccessorImpl.newInstance(NativeConstructorAccessorImpl.java:62)
	at sun.reflect.DelegatingConstructorAccessorImpl.newInstance(DelegatingConstructorAccessorImpl.java:45)
	at java.lang.reflect.Constructor.newInstance(Constructor.java:423)
	at com.mysql.jdbc.Util.handleNewInstance(Util.java:377)
	at com.mysql.jdbc.SQLError.createCommunicationsException(SQLError.java:1036)
	at com.mysql.jdbc.MysqlIO.<init>(MysqlIO.java:338)
	at com.mysql.jdbc.ConnectionImpl.coreConnect(ConnectionImpl.java:2232)
	at com.mysql.jdbc.ConnectionImpl.connectOneTryOnly(ConnectionImpl.java:2265)
	at com.mysql.jdbc.ConnectionImpl.createNewIO(ConnectionImpl.java:2064)
	at com.mysql.jdbc.ConnectionImpl.<init>(ConnectionImpl.java:790)
	at com.mysql.jdbc.JDBC4Connection.<init>(JDBC4Connection.java:44)
	at sun.reflect.NativeConstructorAccessorImpl.newInstance0(Native Method)
	at sun.reflect.NativeConstructorAccessorImpl.newInstance(NativeConstructorAccessorImpl.java:62)
	at sun.reflect.DelegatingConstructorAccessorImpl.newInstance(DelegatingConstructorAccessorImpl.java:45)
	at java.lang.reflect.Constructor.newInstance(Constructor.java:423)
	at com.mysql.jdbc.Util.handleNewInstance(Util.java:377)
	at com.mysql.jdbc.ConnectionImpl.getInstance(ConnectionImpl.java:395)
	at com.mysql.jdbc.NonRegisteringDriver.connect(NonRegisteringDriver.java:325)
	at java.sql.DriverManager.getConnection(DriverManager.java:664)
	at java.sql.DriverManager.getConnection(DriverManager.java:208)
	at org.apache.commons.dbcp.DriverManagerConnectionFactory.createConnection(DriverManagerConnectionFactory.java:78)
	at org.apache.commons.dbcp.PoolableConnectionFactory.makeObject(PoolableConnectionFactory.java:582)
	at org.apache.commons.pool.impl.GenericObjectPool.borrowObject(GenericObjectPool.java:1181)
	at org.apache.commons.dbcp.PoolingDataSource.getConnection(PoolingDataSource.java:106)
	at l2r.util.dbutils.BasicDataSource.getConnection(BasicDataSource.java:78)
	at l2r.L2DatabaseFactory.getConnection(L2DatabaseFactory.java:59)
	at l2r.gameserver.model.entity.olympiad.Olympiad.saveOlympiadStatus(Olympiad.java:820)
	at l2r.gameserver.taskmanager.tasks.TaskOlympiadSave.onTimeElapsed(TaskOlympiadSave.java:46)
	at l2r.gameserver.taskmanager.TaskManager$ExecutedTask.run(TaskManager.java:110)
	at l2r.gameserver.ThreadPoolManager$RunnableWrapper.run(ThreadPoolManager.java:89)
	at java.util.concurrent.Executors$RunnableAdapter.call(Executors.java:511)
	at java.util.concurrent.FutureTask.runAndReset(FutureTask.java:308)
	at java.util.concurrent.ScheduledThreadPoolExecutor$ScheduledFutureTask.access$301(ScheduledThreadPoolExecutor.java:180)
	at java.util.concurrent.ScheduledThreadPoolExecutor$ScheduledFutureTask.run(ScheduledThreadPoolExecutor.java:294)
	at java.util.concurrent.ThreadPoolExecutor.runWorker(ThreadPoolExecutor.java:1149)
	at java.util.concurrent.ThreadPoolExecutor$Worker.run(ThreadPoolExecutor.java:624)
	at java.lang.Thread.run(Thread.java:748)
Caused by: java.net.ConnectException: Connection refused: connect
	at java.net.DualStackPlainSocketImpl.connect0(Native Method)
	at java.net.DualStackPlainSocketImpl.socketConnect(DualStackPlainSocketImpl.java:79)
	at java.net.AbstractPlainSocketImpl.doConnect(AbstractPlainSocketImpl.java:350)
	at java.net.AbstractPlainSocketImpl.connectToAddress(AbstractPlainSocketImpl.java:206)
	at java.net.AbstractPlainSocketImpl.connect(AbstractPlainSocketImpl.java:188)
	at java.net.PlainSocketImpl.connect(PlainSocketImpl.java:172)
	at java.net.SocksSocketImpl.connect(SocksSocketImpl.java:392)
	at java.net.Socket.connect(Socket.java:589)
	at com.mysql.jdbc.StandardSocketFactory.connect(StandardSocketFactory.java:213)
	at com.mysql.jdbc.MysqlIO.<init>(MysqlIO.java:297)
	... 31 more
