[16.10.24 21:06:15] INFO: Network Config: ipconfig.xml exists using manual configuration...
[16.10.24 21:06:15] INFO: Loaded 6 Filter Words.
[16.10.24 21:06:16] INFO: ItemData: Highest item id used:50105
[16.10.24 21:06:16] INFO: ItemData: Loaded: 11495 Etc Items
[16.10.24 21:06:16] INFO: ItemData: Loaded: 3844 Armor Items
[16.10.24 21:06:16] INFO: ItemData: Loaded: 3893 Weapon Items
[16.10.24 21:06:16] INFO: ItemData: Loaded: 19232 Items in total.
[16.10.24 21:06:16] INFO: Sunrise Configs Loaded...
[16.10.24 21:06:16] INFO: Updated characters online status.
[16.10.24 21:06:16] INFO: Cleaned up invalid Weddings.
[16.10.24 21:06:16] INFO: Cleaned 0 elements from database in 0 s
[16.10.24 21:06:16] INFO: Cleaned 5 expired timestamps from database.
[16.10.24 21:06:16] INFO: BitSetIDFactory: 102912 id's available.
[16.10.24 21:06:16] INFO: -------------------------------------------------=[ Engines ]
[16.10.24 21:06:16] INFO: Script Engine: Oracle Nashorn 1.8.0_181 - Language: ECMAScript - Language Version: ECMA - 262 Edition 5.1
[16.10.24 21:06:16] INFO: Script Engine: java 1.8 - Language: java - Language Version: 1.8
[16.10.24 21:06:16] INFO: Script Engine: jython 2.2.1 - Language: python - Language Version: 2.2.1
[16.10.24 21:06:16] INFO: -------------------------------------------------=[ Geodata ]
[16.10.24 21:06:16] INFO: ---------------------------------------------------=[ World ]
[16.10.24 21:06:16] INFO: GameTimeController: Started.
[16.10.24 21:06:16] INFO: InstanceManager: Multiverse Instance created.
[16.10.24 21:06:16] INFO: InstanceManager: Universe Instance created.
[16.10.24 21:06:16] INFO: InstanceManager: Loaded 160 instance names.
[16.10.24 21:06:16] INFO: L2World: (128 by 136) World Region Grid set up.
[16.10.24 21:06:16] INFO: MapRegionManager: Loaded 57 map regions.
[16.10.24 21:06:16] INFO: GlobalVariablesManager: Loaded 5 variables.
[16.10.24 21:06:16] INFO: ----------------------------------------------------=[ Data ]
[16.10.24 21:06:16] INFO: CategoryData: Loaded 124 Categories.
[16.10.24 21:06:16] INFO: SecondaryAuthData: Loaded 328 forbidden passwords.
[16.10.24 21:06:16] INFO: -------------------------------------------------=[ Effects ]
[16.10.24 21:06:17] INFO: EffectHandler: Loaded 148 Handlers
[16.10.24 21:06:17] INFO: ------------------------------------=[ Enchant Skill Groups ]
[16.10.24 21:06:17] INFO: EnchantSkillGroupsData: Loaded 4 groups and 90 routes.
[16.10.24 21:06:17] INFO: ---------------------------------------------=[ Skill Trees ]
[16.10.24 21:06:17] INFO: SkillTreesData: Loaded 17176 Class Skills.
[16.10.24 21:06:17] INFO: SkillTreesData: Loaded 76 Sub-Class Skills.
[16.10.24 21:06:17] INFO: SkillTreesData: Loaded 77 Transfer Skills.
[16.10.24 21:06:17] INFO: SkillTreesData: Loaded 117 Fishing Skills.
[16.10.24 21:06:17] INFO: SkillTreesData: Loaded 3 Collect Skills.
[16.10.24 21:06:17] INFO: SkillTreesData: Loaded 74 Pledge Skills.
[16.10.24 21:06:17] INFO: SkillTreesData: Loaded 18 Sub-Pledge Skills.
[16.10.24 21:06:17] INFO: SkillTreesData: Loaded 32 Transform Skills.
[16.10.24 21:06:17] INFO: SkillTreesData: Loaded 8 Noble Skills.
[16.10.24 21:06:17] INFO: SkillTreesData: Loaded 5 Hero Skills.
[16.10.24 21:06:17] INFO: SkillTreesData: Loaded 46 Game Master Skills.
[16.10.24 21:06:17] INFO: SkillTreesData: Loaded 46 Game Master Aura Skills.
[16.10.24 21:06:17] INFO: --------------------------------------------------=[ Skills ]
[16.10.24 21:06:18] INFO: DocumentEngine: Loaded 66008 Skill templates from XML files.
[16.10.24 21:06:18] INFO: SummonSkillsTable: Loaded 1891 skills.
[16.10.24 21:06:18] INFO: ---------------------------------------------------=[ Items ]
[16.10.24 21:06:18] INFO: EnchantItemGroupsData: Loaded: 4 item group templates.
[16.10.24 21:06:18] INFO: EnchantItemGroupsData: Loaded: 1 scroll group templates.
[16.10.24 21:06:18] INFO: EnchantItemData: Loaded 67 Enchant Scrolls.
[16.10.24 21:06:18] INFO: EnchantItemData: Loaded 20 Support Items.
[16.10.24 21:06:18] INFO: EnchantItemOptionsData: Loaded: 23 Items and 1093 Options.
[16.10.24 21:06:19] INFO: OptionData: Loaded: 24985 Options.
[16.10.24 21:06:19] INFO: EnchantItemHPBonusData: Loaded 6 Enchant HP Bonuses.
[16.10.24 21:06:19] INFO: MerchantPriceConfigData: Loaded 28 merchant price configs.
[16.10.24 21:06:20] WARN: BuyListData: Folder C:\Users\party\Downloads\SAFE\L2GP READY\game\data\xml\buylists\custom doesn't exist!
[16.10.24 21:06:20] INFO: BuyListData: Loaded 760 BuyLists.
[16.10.24 21:06:20] INFO: MultisellData: Loaded 338 multisell lists.
[16.10.24 21:06:20] INFO: RecipeData: Loaded 1000 recipes.
[16.10.24 21:06:20] INFO: ArmorSetsData: Loaded 198 Armor sets.
[16.10.24 21:06:20] INFO: FishData: Loaded 278 Fishes.
[16.10.24 21:06:20] INFO: FishingMonstersData: Loaded 8 Fishing Monsters.
[16.10.24 21:06:20] INFO: FishingRodsData: Loaded 6 Fishing Rods.
[16.10.24 21:06:20] INFO: HennaData: Loaded 180 Henna data.
[16.10.24 21:06:20] INFO: -------------------------------------------=[ Product Items ]
[16.10.24 21:06:20] INFO: ProductItemData: Loaded 1005 items for Item Mall.
[16.10.24 21:06:20] INFO: ----------------------------------------------=[ Characters ]
[16.10.24 21:06:20] INFO: ClassListData: Loaded 107 Class data.
[16.10.24 21:06:20] INFO: InitialEquipmentData: Loaded 11 Initial Equipment data.
[16.10.24 21:06:20] INFO: InitialShortcutData: Loaded 5 Initial Global Shortcuts data.
[16.10.24 21:06:20] INFO: InitialShortcutData: Loaded 4 Initial Shortcuts data.
[16.10.24 21:06:20] INFO: InitialShortcutData: Loaded 0 Macros presets.
[16.10.24 21:06:20] INFO: ExperienceData: Loaded 87 levels.
[16.10.24 21:06:20] INFO: ExperienceData: Max Player Level is: 85
[16.10.24 21:06:20] INFO: ExperienceData: Max Pet Level is: 86
[16.10.24 21:06:20] INFO: KarmaData: Loaded 85 karma modifiers.
[16.10.24 21:06:20] INFO: HitConditionBonusData: Loaded Hit Condition bonuses.
[16.10.24 21:06:20] INFO: PlayerTemplateData: Loaded 103 character templates.
[16.10.24 21:06:20] INFO: PlayerTemplateData: Loaded 52530 level up gain records.
[16.10.24 21:06:20] INFO: CharNameTable: Loaded 12 char names.
[16.10.24 21:06:20] INFO: AdminData: Loaded: 10 Access Levels.
[16.10.24 21:06:20] INFO: AdminData: Loaded: 453 Access Commands.
[16.10.24 21:06:20] INFO: RaidBossPointsManager: Loaded 1 Characters Raid Points.
[16.10.24 21:06:20] INFO: PetData: Loaded 52 Pets.
[16.10.24 21:06:20] INFO: ---------------------------------------------------=[ Clans ]
[16.10.24 21:06:20] INFO: Loaded 12 forums. Last forum id used: 12
[16.10.24 21:06:20] INFO: ClanTable: Restored 5 clans from the database.
[16.10.24 21:06:20] INFO: CHSiegeManager: Loaded 6 conquerable clan halls.
[16.10.24 21:06:21] INFO: AuctionManager: Loaded: 36 auction(s)
[16.10.24 21:06:21] INFO: ClanHallManager: Loaded: 2 clan halls
[16.10.24 21:06:21] INFO: ClanHallManager: Loaded: 36 free clan halls
[16.10.24 21:06:21] INFO: ----------------------------------------------------=[ NPCs ]
[16.10.24 21:06:21] INFO: HerbDropData: Loaded 9 herb groups.
[16.10.24 21:06:21] INFO: SkillLearnData: Loaded 256 Skill Learn data.
[16.10.24 21:06:21] INFO: NpcTable: Loaded 10465 (Custom: 41) NPC template(s).
[16.10.24 21:06:21] INFO: NpcTable: Loaded 103018 (Custom: 15) NPC skills.
[16.10.24 21:06:21] WARN: NpcTable: Drop data for undefined item template! NpcId: 2503 itemId: 30001
[16.10.24 21:06:21] WARN: NpcTable: Drop data for undefined item template! NpcId: 21631 itemId: 23001
[16.10.24 21:06:21] INFO: NpcTable: Loaded 44234 (Custom: 17) drops.
[16.10.24 21:06:21] INFO: NpcTable: Loaded 526 Minions.
[16.10.24 21:06:21] INFO: NpcTable: Loaded 10461 (Custom: 38) AI Data.
[16.10.24 21:06:21] INFO: NpcTable: Loaded 10460 (Custom: 1) Elementals Data.
[16.10.24 21:06:21] INFO: WalkingManager: Loaded 123 walking routes.
[16.10.24 21:06:21] INFO: StaticObjectsData: Loaded 51 StaticObject Templates.
[16.10.24 21:06:21] INFO: GrandBossManager: Queen Ant(29001) status is 0.
[16.10.24 21:06:21] INFO: GrandBossManager: Core(29006) status is 0.
[16.10.24 21:06:21] INFO: GrandBossManager: Orfen(29014) status is 0.
[16.10.24 21:06:21] INFO: GrandBossManager: Baium(29020) status is 0.
[16.10.24 21:06:21] INFO: GrandBossManager: Valakas(29028) status is 0.
[16.10.24 21:06:21] INFO: GrandBossManager: Andreas Van Halter(29062) status is 0.
[16.10.24 21:06:21] INFO: GrandBossManager: Antharas(29068) status is 0.
[16.10.24 21:06:21] INFO: GrandBossManager: Beleth(29118) status is 0.
[16.10.24 21:06:21] INFO: GrandBossManager: Loaded 8 Instances
[16.10.24 21:06:22] INFO: DoorData: Loaded 1301 Door Templates for 21 regions.
[16.10.24 21:06:22] INFO: ZoneManager: Loaded 29 zone classes and 2828 zones.
[16.10.24 21:06:22] INFO: ZoneManager: Loaded 0 NPC spawn territoriers.
[16.10.24 21:06:22] INFO: CastleManager: Loaded: 9 castles
[16.10.24 21:06:22] INFO: FortManager: Loaded: 21 fortress
[16.10.24 21:06:22] INFO: NpcBufferTable: Loaded 1 buffers and 10 skills.
[16.10.24 21:06:22] INFO: GrandBossManager: Initialized 10 Grand Boss Zones
[16.10.24 21:06:22] INFO: -----------------------------------------=[ Auction Manager ]
[16.10.24 21:06:22] INFO: ItemAuctionInstance: Loaded 82 item(s) and registered 4 auction(s) for instance 32320.
[16.10.24 21:06:22] INFO: ItemAuctionInstance: Schedule next auction 13 on 17:00:00 18.10.24 for instance 32320
[16.10.24 21:06:22] INFO: ItemAuctionInstance: Loaded 82 item(s) and registered 3 auction(s) for instance 32321.
[16.10.24 21:06:22] INFO: ItemAuctionInstance: Schedule next auction 14 on 17:00:00 21.10.24 for instance 32321
[16.10.24 21:06:22] INFO: ItemAuctionInstance: Clearing expired auction: 7
[16.10.24 21:06:22] INFO: ItemAuctionInstance: Loaded 82 item(s) and registered 3 auction(s) for instance 32322.
[16.10.24 21:06:22] INFO: ItemAuctionInstance: Schedule current auction 12 for instance 32322
[16.10.24 21:06:22] INFO: ItemAuctionManager: Loaded 3 instance(s).
[16.10.24 21:06:22] INFO: ------------------------------------------------=[ Olympiad ]
[16.10.24 21:06:22] INFO: Olympiad System: Loading Olympiad System....
[16.10.24 21:06:22] INFO: Olympiad System: Currently in Olympiad Period
[16.10.24 21:06:22] INFO: Olympiad System: Period ends at 01/11/2024 00:00
[16.10.24 21:06:22] INFO: Olympiad System: In 15 days, 3 hours and 53 mins.
[16.10.24 21:06:22] INFO: Olympiad System: Next Weekly Change is in....
[16.10.24 21:06:22] INFO: Olympiad System: In 2 days, 12 hours and 7 mins.
[16.10.24 21:06:22] INFO: Olympiad System: Loaded 0 Noblesses
[16.10.24 21:06:22] INFO: Olympiad System: Competition Period Starts in 0 days, 0 hours and 0 mins.
[16.10.24 21:06:22] INFO: Olympiad System: Event starts/started : Wed Oct 16 18:00:22 CEST 2024
[16.10.24 21:06:22] INFO: Hero System: Loaded 0 Heroes.
[16.10.24 21:06:22] INFO: Hero System: Loaded 0 all time Heroes.
[16.10.24 21:06:22] INFO: ---------------------------------------------=[ Seven Signs ]
[16.10.24 21:06:22] INFO: SevenSigns: Currently in the Competition (Quest Event) period!
[16.10.24 21:06:22] INFO: SevenSigns: The Seal of Avarice remains unclaimed.
[16.10.24 21:06:22] INFO: SevenSigns: The Seal of Gnosis remains unclaimed.
[16.10.24 21:06:22] INFO: SevenSigns: The Seal of Strife remains unclaimed.
[16.10.24 21:06:22] INFO: SevenSigns: The competition, if the current trend continues, will end in a tie this week.
[16.10.24 21:06:22] INFO: SevenSigns: Next period change set to Mon Oct 21 18:00:22 CEST 2024
[16.10.24 21:06:22] INFO: SevenSigns: Next period in 4 days 20 hours and 53 mins.
[16.10.24 21:06:22] INFO: ---------------------------------------------------=[ Cache ]
[16.10.24 21:06:22] INFO: Cache[HTML]: Running lazy cache
[16.10.24 21:06:22] INFO: CrestTable: Loaded 4 Crests.
[16.10.24 21:06:22] INFO: TeleportLocationTable: Loaded 957 Teleport Location Templates.
[16.10.24 21:06:22] INFO: UIData: Loaded 4 keys 5 categories.
[16.10.24 21:06:22] INFO: AugmentationData: Loaded: 33960 augmentations.
[16.10.24 21:06:22] INFO: AugmentationData: Loaded: 2754 accessory augmentations.
[16.10.24 21:06:22] INFO: CursedWeaponsManager: Loaded : 2 cursed weapon(s).
[16.10.24 21:06:22] INFO: Olympiad System: Olympiad Game Started
[16.10.24 21:06:22] INFO: Olympiad System: Loaded 160 stadiums.
[16.10.24 21:06:23] INFO: TransformData: Loaded: 111 transform templates.
[16.10.24 21:06:23] WARN: TransformData: Folder C:\Users\party\Downloads\SAFE\L2GP READY\game\data\xml\stats\transformations\custom doesn't exist!
[16.10.24 21:06:23] INFO: TransformData: Loaded 0 custom transform templates.
[16.10.24 21:06:23] INFO: BotReportTable: Loaded 0 bot reports
[16.10.24 21:06:23] INFO: -------------------------------------------------=[ Scripts ]
[16.10.24 21:06:23] INFO: AirShipManager: Loaded 0 private airships
[16.10.24 21:06:23] INFO: ----------------------------------------=[ Datapack Scripts ]
[16.10.24 21:06:26] INFO: BloodAltarsLoader: Loading related scripts.
[16.10.24 21:06:26] INFO: ConquerableHallsLoader: Loading related scripts.
[16.10.24 21:06:26] INFO: Devastated Castle: Fri Oct 18 12:00:00 CEST 2024
[16.10.24 21:06:26] INFO: Fortress of Resistance: Fri Oct 18 12:00:00 CEST 2024
[16.10.24 21:06:26] INFO: Fortresss of the Dead: Fri Oct 18 12:00:00 CEST 2024
[16.10.24 21:06:26] INFO: Rainbow Springs: Fri Oct 18 12:00:00 CEST 2024
[16.10.24 21:06:26] INFO: CustomsLoader: Loading related scripts.
[16.10.24 21:06:26] INFO: 5th Anniversary Event - OFF
[16.10.24 21:06:26] INFO: EventsLoader: Loading related scripts.
[16.10.24 21:06:26] INFO: FeaturesLoader: Loading related scripts.
[16.10.24 21:06:26] INFO: GraciaLoader: Loading related scripts.
[16.10.24 21:06:26] INFO: Seed of Destruction Manager: Loaded. Current stage is: 1
[16.10.24 21:06:26] INFO: SeedOfDestruction: Loaded 51 spawn zones data.
[16.10.24 21:06:26] INFO: SeedOfDestruction: Loaded 548 spawns data.
[16.10.24 21:06:26] INFO: GrandBossLoader: Loading related scripts.
[16.10.24 21:06:26] INFO: GrandBossManager: Updated Andreas Van Halter(29062) status to 0
[16.10.24 21:06:26] INFO: GroupTemplatesLoader: Loading related scripts.
[16.10.24 21:06:27] INFO: IndividualLoader: Loading related scripts.
[16.10.24 21:06:27] INFO: HellboundLoader: Loading related scripts.
[16.10.24 21:06:27] INFO: HellboundPointData: Loaded 47 trust point reward data.
[16.10.24 21:06:27] INFO: HellboundSpawns: Loaded 598 Hellbound spawns.
[16.10.24 21:06:27] INFO: HellboundEngine: Level: 0
[16.10.24 21:06:27] INFO: HellboundEngine: Trust: 0
[16.10.24 21:06:27] INFO: HellboundEngine: Status: locked.
[16.10.24 21:06:27] INFO: RaidBossSpawnManager: Loaded 187 Instances
[16.10.24 21:06:27] INFO: RaidBossSpawnManager: Scheduled 0 Instances
[16.10.24 21:06:27] INFO: InstanceLoader: Loading related scripts.
[16.10.24 21:06:27] INFO: MasterHandler: Loading related scripts.
[16.10.24 21:06:27] INFO: ActionHandler: Loaded 10 Handlers
[16.10.24 21:06:27] INFO: ActionShiftHandler: Loaded 6 Handlers
[16.10.24 21:06:27] INFO: AdminCommandHandler: Loaded 466 Handlers
[16.10.24 21:06:27] INFO: BypassHandler: Loaded 50 Handlers
[16.10.24 21:06:27] INFO: ChatHandler: Loaded 14 Handlers
[16.10.24 21:06:27] INFO: ItemHandler: Loaded 34 Handlers
[16.10.24 21:06:27] INFO: PunishmentHandler: Loaded 3 Handlers
[16.10.24 21:06:27] INFO: SkillHandler: Loaded 27 Handlers
[16.10.24 21:06:27] INFO: UserCommandHandler: Loaded 17 Handlers
[16.10.24 21:06:27] INFO: VoicedCommandHandler: Loaded 40 Handlers
[16.10.24 21:06:27] INFO: TargetHandler: Loaded 35 Handlers
[16.10.24 21:06:27] INFO: TelnetHandler: Loaded 20 Handlers
[16.10.24 21:06:27] INFO: ModifiersLoader: Loading related scripts.
[16.10.24 21:06:27] INFO: NpcLoader: Loading related scripts.
[16.10.24 21:06:27] INFO: NpcBuffersData: Loaded: 33 buffers data.
[16.10.24 21:06:27] INFO: QuestLoader: Loading related scripts.
[16.10.24 21:06:27] INFO: EnhanceYourWeapon: Loaded 54 Soul Crystal data.
[16.10.24 21:06:27] INFO: EnhanceYourWeapon: Loaded 243 npc Leveling info data.
[16.10.24 21:06:27] INFO: SunriseNpcsLoader: Loading related scripts.
[16.10.24 21:06:27] INFO: TeleportersLoader: Loading related scripts.
[16.10.24 21:06:27] INFO: VillageMastersLoader: Loading related scripts.
[16.10.24 21:06:27] INFO: ZonesLoader: Loading related scripts.
[16.10.24 21:06:27] INFO: Handy's Block Checker Event is enabled
[16.10.24 21:06:27] INFO: Fantasy Isle: Parade starting at 2024/10/16 21:20 and is scheduled each next 1 hours.
[16.10.24 21:06:27] INFO: GlobalLoader: Global scripts loaded in 579 ms.
[16.10.24 21:06:27] INFO: Bandit StrongHold: Fri Oct 18 12:00:00 CEST 2024
[16.10.24 21:06:27] INFO: Beast Farm: Fri Oct 18 12:00:00 CEST 2024
[16.10.24 21:06:27] INFO: TerritoryWarSuperClass: Sat Oct 19 20:00:00 CEST 2024
[16.10.24 21:06:28] INFO: --------------------------------------------=[ Gracia Seeds ]
[16.10.24 21:06:28] INFO: Seed of Infinity Manager: Loaded. Current stage is: 1
[16.10.24 21:06:28] INFO: --------------------------------------------------=[ Spawns ]
[16.10.24 21:06:28] INFO: SpawnTable: Loaded 3949 npc spawns.
[16.10.24 21:06:28] INFO: SpawnTable: Loaded 24 custom npc spawns.
[16.10.24 21:06:28] INFO: SpawnTable: Loaded 1190 npc spawns from XML.
[16.10.24 21:06:28] INFO: DayNightSpawnManager: Removed 0 night creatures
[16.10.24 21:06:28] INFO: DayNightSpawnManager: Spawned 232 day creatures
[16.10.24 21:06:28] INFO: FourSepulchersManager: loaded 20 Mysterious-Box spawns.
[16.10.24 21:06:28] INFO: FourSepulchersManager: loaded 716 Physical monsters.
[16.10.24 21:06:28] INFO: FourSepulchersManager: loaded 716 Magical monsters.
[16.10.24 21:06:28] INFO: FourSepulchersManager: loaded 92 Church of duke monsters.
[16.10.24 21:06:28] INFO: FourSepulchersManager: loaded 68 Emperor's grave NPCs.
[16.10.24 21:06:28] INFO: FourSepulchersManager: spawned Conquerors' Sepulcher Manager
[16.10.24 21:06:28] INFO: FourSepulchersManager: spawned Emperors' Sepulcher Manager
[16.10.24 21:06:28] INFO: FourSepulchersManager: spawned Great Sages' Sepulcher Manager
[16.10.24 21:06:28] INFO: FourSepulchersManager: spawned Judges' Sepulcher Manager
[16.10.24 21:06:28] INFO: FourSepulchersManager: Beginning in Attack time
[16.10.24 21:06:28] INFO: DimensionalRiftManager: Loaded 7 room types with 56 rooms.
[16.10.24 21:06:28] INFO: DimensionalRiftManager: Loaded 462 dimensional rift spawns.
[16.10.24 21:06:28] INFO: ---------------------------------------------------=[ Siege ]
[16.10.24 21:06:28] INFO: Siege of Gludio: Sun Oct 27 16:00:00 CET 2024
[16.10.24 21:06:28] INFO: Siege of Dion: Sun Oct 27 16:00:00 CET 2024
[16.10.24 21:06:28] INFO: Siege of Giran: Sun Oct 27 16:00:00 CET 2024
[16.10.24 21:06:28] INFO: Siege of Oren: Sun Oct 27 16:00:00 CET 2024
[16.10.24 21:06:28] INFO: Siege of Aden: Sun Oct 27 16:00:00 CET 2024
[16.10.24 21:06:28] INFO: Siege of Innadril: Sun Oct 20 16:00:00 CEST 2024
[16.10.24 21:06:28] INFO: Siege of Goddard: Sun Oct 20 16:00:00 CEST 2024
[16.10.24 21:06:28] INFO: Siege of Rune: Sun Oct 20 16:00:00 CEST 2024
[16.10.24 21:06:28] INFO: Siege of Schuttgart: Sun Oct 20 16:00:00 CEST 2024
[16.10.24 21:06:28] INFO: SiegeScheduleData: Loaded: 2 siege schedulers.
[16.10.24 21:06:28] INFO: CastleManorManager: Loaded 258 seeds.
[16.10.24 21:06:28] INFO: CastleManorManager: Manor data loaded.
[16.10.24 21:06:28] INFO: CastleManorManager: Period ends at 17/10/2024 04:30
[16.10.24 21:06:28] INFO: CastleManorManager: In 0 days, 7 hours and 23 mins.
[16.10.24 21:06:28] INFO: CastleManorManager: Next mode change: 17/10 04:30:00
[16.10.24 21:06:28] INFO: CastleManorManager: Current mode: MODIFIABLE
[16.10.24 21:06:28] INFO: MercTicketManager: Loaded: 0 Mercenary Tickets
[16.10.24 21:06:28] INFO: QuestManager: Loaded: 528 quests.
[16.10.24 21:06:28] INFO: QuestManager: Loaded: 341 scripts.
[16.10.24 21:06:28] INFO: --------------------------------------------------=[ Others ]
[16.10.24 21:06:28] INFO: SevenSignsFestival: The first Festival of Darkness cycle begins in 2 minute(s).
[16.10.24 21:06:28] INFO: Event ID: (Squash Event) has passed... Ignored.
[16.10.24 21:06:28] INFO: FaenorScriptEngine: Loaded  SquashEvent.xml successfully.
[16.10.24 21:06:28] INFO: Event ID: (Valentines Event) has passed... Ignored.
[16.10.24 21:06:28] INFO: FaenorScriptEngine: Loaded  Valentines.xml successfully.
[16.10.24 21:06:28] INFO: TaskManager: Loaded: 15 Tasks
[16.10.24 21:06:28] INFO: PunishmentManager: Loaded 0 active and 0 expired punishments.
[16.10.24 21:06:28] INFO: --------------------------------------------=[ Event Engine ]
[16.10.24 21:06:28] INFO: Event Engine: Loaded GlobalConfigs engine.
[16.10.24 21:06:28] INFO: Event Engine: Debug messages are stored in 'log\EventEngine\EventEngine_detailed_1.log'
[16.10.24 21:06:28] INFO: Event Engine: Thanks for using a legal version.
[16.10.24 21:06:28] INFO: Event Engine: Loading engine version 2.2...
[16.10.24 21:06:28] INFO: Event Engine: Using HighFive interface (for engine v2.1).
[16.10.24 21:06:28] INFO: Event Engine: Loading Admin htmls from the jar file.
[16.10.24 21:06:28] INFO: Event Engine: Loaded 58 HTML files from event-engine.jar
[16.10.24 21:06:28] INFO: Event Engine: Loaded HTML manager.
[16.10.24 21:06:28] INFO: Event Engine: Loading events...
[16.10.24 21:06:28] INFO: Event Engine: Next event in 10 minutes.
[16.10.24 21:06:28] INFO: Event Engine: Loaded 14 main events.
[16.10.24 21:06:28] INFO: Event Engine: Loaded 5 mini event types.
[16.10.24 21:06:28] INFO: Event Engine: Loaded editable Event Description system.
[16.10.24 21:06:28] INFO: Event Engine: Processing en language -  version 2.21
[16.10.24 21:06:28] INFO: Event Engine: Loaded en language with 266 messages.
[16.10.24 21:06:28] INFO: Event Engine: Loaded 1 languages.
[16.10.24 21:06:28] INFO: Event Engine: Loaded 14 mini event modes.
[16.10.24 21:06:28] INFO: Event Engine: Loaded 395 configs for events.
[16.10.24 21:06:28] INFO: Event Engine: Event Engine: Loaded 66 EventMaps.
[16.10.24 21:06:28] INFO: Event Engine: Reward System Loaded.
[16.10.24 21:06:28] INFO: Event Engine: Loaded 14 main event InstanceTypes.
[16.10.24 21:06:28] INFO: Event Engine: Global statistics reloaded.
[16.10.24 21:06:28] INFO: Event Engine: Global statistics engine loaded.
[16.10.24 21:06:28] INFO: Event Engine: Loaded EventWarnings engine.
[16.10.24 21:06:28] INFO: Event Engine: Gear score engine - loaded 7737 items.
[16.10.24 21:06:28] INFO: Event Engine: Loaded PlayerValue engine.
[16.10.24 21:06:28] INFO: Event Engine: Version 2.2 successfully loaded.
[16.10.24 21:06:28] INFO: -----------------------------------------=[ Sunrise Systems ]
[16.10.24 21:06:28] INFO: Vote System: Enabled.
[16.10.24 21:06:28] INFO: Backup Manager: Enabled.
[16.10.24 21:06:28] INFO: Premium System: Enabled.
[16.10.24 21:06:28] INFO: Aio Item On Login: Enabled.
[16.10.24 21:06:28] INFO: Pc Bang Points: Enabled.
[16.10.24 21:06:28] INFO: Security System: Enabled.
[16.10.24 21:06:28] INFO: Restart: Next restart: Thu Oct 17 21:00:00 CEST 2024
[16.10.24 21:06:28] INFO: Auto Restart: Enabled.
[16.10.24 21:06:28] INFO: Extra Messages: Enabled.
[16.10.24 21:06:28] INFO: Announce Heros: Enabled.
[16.10.24 21:06:28] INFO: Announce Raid's: Enabled.
[16.10.24 21:06:28] INFO: Online Command: Enabled.
[16.10.24 21:06:28] INFO: Repair Command: Enabled.
[16.10.24 21:06:28] INFO: Experience Command: Enabled.
[16.10.24 21:06:28] INFO: Teleport Command System: Enabled.
[16.10.24 21:06:28] INFO: Give HellBound Map: Enabled.
[16.10.24 21:06:28] INFO: Top Lists Updater: Enabled.
[16.10.24 21:06:28] INFO: Auto Soul Shots: Enabled.
[16.10.24 21:06:28] INFO: Pvp Spree System: Enabled.
[16.10.24 21:06:28] INFO: Announce Castle Lords: Enabled.
[16.10.24 21:06:28] INFO: Allow Augment For PvP Items:: Enabled.
[16.10.24 21:06:28] INFO: Allow Augment For Hero Items:: Enabled.
[16.10.24 21:06:28] INFO: Distribute Party Items: Enabled.
[16.10.24 21:06:28] INFO: Character Control Panel: Enabled.
[16.10.24 21:06:28] INFO: Starting Title: Enabled.
[16.10.24 21:06:28] INFO: Achievements Engine: Loaded 12 achievements from xml!
[16.10.24 21:06:28] INFO: BonusExpManager: Loaded 38 Items
[16.10.24 21:06:28] INFO: Bonus Exp System: Enabled.
[16.10.24 21:06:28] INFO: BuffsHolder: loaded 133 buffs(s) count.
[16.10.24 21:06:28] INFO: Loaded 241 teleports for the Custom Npcs-Items.
[16.10.24 21:06:30] INFO: ImagesCache: Loaded 186 images (data/sunrise/images/id_by_name).
[16.10.24 21:06:30] INFO: GlobalImagesCache: Loaded 13 images (data/sunrise/images).
[16.10.24 21:06:30] INFO: LeaderBoards: Enabled.
[16.10.24 21:06:30] INFO: ArenaLeaderboard: Initialized
[16.10.24 21:06:30] INFO: FishermanLeaderboard: Initialized
[16.10.24 21:06:30] INFO: CraftLeaderboard: Initialized
[16.10.24 21:06:30] INFO: TvTLeaderboard: Disabled.
[16.10.24 21:06:30] INFO: Antibot Engine: Enabled.
[16.10.24 21:06:30] INFO: Antibot Farm Engine: Enabled.
[16.10.24 21:06:30] INFO: Antibot Enchant Engine: Enabled.
[16.10.24 21:06:30] INFO: RaidConfigsHolder: loaded 1 raid configs(s) count.
[16.10.24 21:06:30] INFO: RaidAndDropsHolder: loaded 2 raid and drops(s) count.
[16.10.24 21:06:30] INFO: RaidLocationsHolder: loaded 6 raid locations(s) count.
[16.10.24 21:06:30] INFO: RaidManager: Next Raid In: 0 day(s) 2 hour(s) and 54 min(s).
[16.10.24 21:06:30] INFO: CoupleManager: Loaded: 1 couples(s)
[16.10.24 21:06:30] INFO: MailManager: Successfully loaded 0 messages.
[16.10.24 21:06:30] INFO: IdFactory: Free ObjectID's remaining: 1879001840
[16.10.24 21:06:30] INFO: OfflineTradersTable: Loaded: 7 offline trader(s)
[16.10.24 21:06:31] INFO: GameServer: Started, free memory 2363 Mb of 2731 Mb
[16.10.24 21:06:31] INFO: Connecting to login on 127.0.0.1:9014
[16.10.24 21:06:31] INFO: ArenaManager: Autotask init.
[16.10.24 21:06:31] INFO: FishManager: Autotask init.
[16.10.24 21:06:31] INFO: CraftManager: Autotask init.
[16.10.24 21:06:31] INFO: GameServer: is now listening on: *:7777
[16.10.24 21:06:31] INFO: Maximum Numbers of Connected players: 1000
[16.10.24 21:06:31] INFO: Server loaded in 15 seconds.
[16.10.24 21:06:31] INFO: =====================================================
[16.10.24 21:06:31] INFO: Copyrights: .............: Sunrise-Team 2015-2017
[16.10.24 21:06:31] INFO: Project Owners: .........: vNeverMore
[16.10.24 21:06:31] INFO: Developers: .............: vGodFather
[16.10.24 21:06:31] INFO: Website: ................: www.L2jSunrise.com
[16.10.24 21:06:31] INFO: Website Owner-Dev: ......: vNeverMore
[16.10.24 21:06:31] INFO: Chronicle: ..............: High Five Part 5 (CT2.6)
[16.10.24 21:06:31] INFO: Sunrise Revision: .......: Final Edition
[16.10.24 21:06:31] INFO: Core Revision: ..........: 842 rev
[16.10.24 21:06:31] INFO: Data Revision: ..........: 760 rev
[16.10.24 21:06:31] INFO: +----
[16.10.24 21:06:31] INFO: | Global Memory Informations at 21:06:31:
[16.10.24 21:06:31] INFO: |    |
[16.10.24 21:06:31] INFO: | Allowed Memory: 2731 MB
[16.10.24 21:06:31] INFO: |    |= Allocated Memory: 1356 MB (49,6521%)
[16.10.24 21:06:31] INFO: |    |= Non-Allocated Memory: 1375 MB (50,3479%)
[16.10.24 21:06:31] INFO: | Allocated Memory: 1356 MB
[16.10.24 21:06:31] INFO: |    |= Used Memory: 410 MB (15,0128%)
[16.10.24 21:06:31] INFO: |    |= Unused (cached) Memory: 946 MB (34,6393%)
[16.10.24 21:06:31] INFO: | Useable Memory: 2321 MB (84,9872%)
[16.10.24 21:06:31] INFO: +----
[16.10.24 21:06:31] INFO: =====================================================
[16.10.24 21:06:31] INFO: ----------------------------------------------------=[ UPnP ]
[16.10.24 21:06:31] INFO: Looking for UPnP Gateway Devices...
[16.10.24 21:06:31] INFO: Registered on login as Server 1 : Bartz
[16.10.24 21:06:41] INFO: No UPnP gateways found
[16.10.24 21:06:41] INFO: GameServer: Telnet server is currently disabled.
[16.10.24 21:06:58] INFO: TopListsUpdater: Data reloaded in 20 ms.
[16.10.24 21:14:48] INFO: GlobalVariablesManager: Stored 5 variables.
[16.10.24 21:16:28] INFO: Event Engine: Trying to find an event to be started:
[16.10.24 21:21:28] INFO: Olympiad System: Data updated.
[16.10.24 21:23:28] WARN: Master access level set for character Kira
[16.10.24 21:23:29] INFO: Event Engine: Loaded 84 buffs for Event Buffer.
[16.10.24 21:23:57] WARN: GM: Kira(268481216) issued shutdown command. shutting down in 1 seconds!
[16.10.24 21:23:58] WARN: GM shutdown countdown is over. shutting down NOW!
[16.10.24 21:23:58] INFO: UPnP Service: All ports mappings deleted (0ms).
[16.10.24 21:23:58] INFO: OfflineTradersTable: Offline traders stored.
[16.10.24 21:23:58] INFO: Offline Traders Table: Offline shops stored(25ms).
[16.10.24 21:23:59] INFO: All players disconnected and saved(62ms).
[16.10.24 21:23:59] INFO: Stopping GameTimeController
[16.10.24 21:23:59] INFO: Game Time Controller: Timer stopped(0ms).
[16.10.24 21:24:05] INFO: All ThreadPools are now stopped
[16.10.24 21:24:05] INFO: Thread Pool Manager: Manager has been shut down(6076ms).
[16.10.24 21:24:05] INFO: Login Server Thread: Thread interruped(0ms).
[16.10.24 21:24:05] INFO: GM shutdown received. Shutting down NOW!
[16.10.24 21:24:05] INFO: SevenSignsFestival: Festival data saved(5ms).
[16.10.24 21:24:05] INFO: SevenSigns: Seven Signs data saved(0ms).
[16.10.24 21:24:05] INFO: SevenSigns: Seven Signs status saved(2ms).
[16.10.24 21:24:05] INFO: RaidBossSpawnManager: All raidboss info saved(23ms).
[16.10.24 21:24:05] INFO: GrandBossManager: All Grand Boss info saved(2ms).
[16.10.24 21:24:05] INFO: Item Auction Manager: All tasks stopped(0ms).
[16.10.24 21:24:05] INFO: Olympiad System: Data saved(1ms).
[16.10.24 21:24:05] INFO: Hero System: Data saved(0ms).
[16.10.24 21:24:05] INFO: Clan System: Data saved(1ms).
[16.10.24 21:24:05] INFO: Cursed Weapons Manager: Data saved(1ms).
[16.10.24 21:24:05] INFO: Castle Manor Manager: Data saved(1ms).
[16.10.24 21:24:05] INFO: FortressOfTheDead: Sucessfully saved attackers down to database!
[16.10.24 21:24:05] INFO: DevastatedCastle: Sucessfully saved attackers down to database!
[16.10.24 21:24:05] INFO: BanditStronghold: Sucessfully saved attackers down to database!
[16.10.24 21:24:05] INFO: FortressOfResistance: Sucessfully saved attackers down to database!
[16.10.24 21:24:05] INFO: WildBeastReserve: Sucessfully saved attackers down to database!
[16.10.24 21:24:05] INFO: CHSiegeManager: Siegable hall attacker lists saved!
[16.10.24 21:24:05] INFO: Quest Manager: Data saved(2ms).
[16.10.24 21:24:05] INFO: GlobalVariablesManager: Stored 5 variables.
[16.10.24 21:24:05] INFO: Global Variables Manager: Variables saved(4ms).
[16.10.24 21:24:05] INFO: Bot Report Table: Successfully saved reports to database!
[16.10.24 21:24:10] INFO: Game Server: Selector thread has been shut down(0ms).
[16.10.24 21:24:10] INFO: L2Database Factory: Database connection has been shut down(0ms).
